C:\USERS\FATEC\DOCUMENTS\VISUAL STUDIO 2010\PROJECTS\PONTODEVENDA_06_04_2016\DEBUG\PONTODEVENDA_06_04_2016.EXE
C:\USERS\FATEC\DOCUMENTS\VISUAL STUDIO 2010\PROJECTS\PONTODEVENDA_06_04_2016\DEBUG\PONTODEVENDA_06_04_2016.ILK
C:\USERS\FATEC\DOCUMENTS\VISUAL STUDIO 2010\PROJECTS\PONTODEVENDA_06_04_2016\DEBUG\PONTODEVENDA_06_04_2016.PDB
C:\Users\FATEC\Documents\Visual Studio 2010\Projects\PontoDeVenda_06_04_2016\PontoDeVenda_06_04_2016\Debug\cl.command.1.tlog
C:\Users\FATEC\Documents\Visual Studio 2010\Projects\PontoDeVenda_06_04_2016\PontoDeVenda_06_04_2016\Debug\CL.read.1.tlog
C:\Users\FATEC\Documents\Visual Studio 2010\Projects\PontoDeVenda_06_04_2016\PontoDeVenda_06_04_2016\Debug\CL.write.1.tlog
C:\Users\FATEC\Documents\Visual Studio 2010\Projects\PontoDeVenda_06_04_2016\PontoDeVenda_06_04_2016\Debug\link.1612.read.1.tlog
C:\Users\FATEC\Documents\Visual Studio 2010\Projects\PontoDeVenda_06_04_2016\PontoDeVenda_06_04_2016\Debug\link.1612.write.1.tlog
C:\Users\FATEC\Documents\Visual Studio 2010\Projects\PontoDeVenda_06_04_2016\PontoDeVenda_06_04_2016\Debug\link.1612-cvtres.read.1.tlog
C:\Users\FATEC\Documents\Visual Studio 2010\Projects\PontoDeVenda_06_04_2016\PontoDeVenda_06_04_2016\Debug\link.1612-cvtres.write.1.tlog
C:\Users\FATEC\Documents\Visual Studio 2010\Projects\PontoDeVenda_06_04_2016\PontoDeVenda_06_04_2016\Debug\link.command.1.tlog
C:\Users\FATEC\Documents\Visual Studio 2010\Projects\PontoDeVenda_06_04_2016\PontoDeVenda_06_04_2016\Debug\link.read.1.tlog
C:\Users\FATEC\Documents\Visual Studio 2010\Projects\PontoDeVenda_06_04_2016\PontoDeVenda_06_04_2016\Debug\link.write.1.tlog
C:\Users\FATEC\Documents\Visual Studio 2010\Projects\PontoDeVenda_06_04_2016\PontoDeVenda_06_04_2016\Debug\link-cvtres.read.1.tlog
C:\Users\FATEC\Documents\Visual Studio 2010\Projects\PontoDeVenda_06_04_2016\PontoDeVenda_06_04_2016\Debug\link-cvtres.write.1.tlog
C:\Users\FATEC\Documents\Visual Studio 2010\Projects\PontoDeVenda_06_04_2016\PontoDeVenda_06_04_2016\Debug\mt.command.1.tlog
C:\Users\FATEC\Documents\Visual Studio 2010\Projects\PontoDeVenda_06_04_2016\PontoDeVenda_06_04_2016\Debug\mt.read.1.tlog
C:\Users\FATEC\Documents\Visual Studio 2010\Projects\PontoDeVenda_06_04_2016\PontoDeVenda_06_04_2016\Debug\mt.write.1.tlog
C:\USERS\FATEC\DOCUMENTS\VISUAL STUDIO 2010\PROJECTS\PONTODEVENDA_06_04_2016\PONTODEVENDA_06_04_2016\DEBUG\PONTODEVENDA.OBJ
C:\USERS\FATEC\DOCUMENTS\VISUAL STUDIO 2010\PROJECTS\PONTODEVENDA_06_04_2016\PONTODEVENDA_06_04_2016\DEBUG\PONTODEVENDA_06_04_2016.EXE.EMBED.MANIFEST
C:\USERS\FATEC\DOCUMENTS\VISUAL STUDIO 2010\PROJECTS\PONTODEVENDA_06_04_2016\PONTODEVENDA_06_04_2016\DEBUG\PONTODEVENDA_06_04_2016.EXE.EMBED.MANIFEST.RES
C:\USERS\FATEC\DOCUMENTS\VISUAL STUDIO 2010\PROJECTS\PONTODEVENDA_06_04_2016\PONTODEVENDA_06_04_2016\DEBUG\PONTODEVENDA_06_04_2016.EXE.INTERMEDIATE.MANIFEST
C:\Users\FATEC\Documents\Visual Studio 2010\Projects\PontoDeVenda_06_04_2016\PontoDeVenda_06_04_2016\Debug\PontoDeVenda_06_04_2016.write.1.tlog
C:\Users\FATEC\Documents\Visual Studio 2010\Projects\PontoDeVenda_06_04_2016\PontoDeVenda_06_04_2016\Debug\PontoDeVenda_06_04_2016_manifest.rc
C:\Users\FATEC\Documents\Visual Studio 2010\Projects\PontoDeVenda_06_04_2016\PontoDeVenda_06_04_2016\Debug\rc.command.1.tlog
C:\Users\FATEC\Documents\Visual Studio 2010\Projects\PontoDeVenda_06_04_2016\PontoDeVenda_06_04_2016\Debug\rc.read.1.tlog
C:\Users\FATEC\Documents\Visual Studio 2010\Projects\PontoDeVenda_06_04_2016\PontoDeVenda_06_04_2016\Debug\rc.write.1.tlog
C:\Users\FATEC\Documents\Visual Studio 2010\Projects\PontoDeVenda_06_04_2016\PontoDeVenda_06_04_2016\Debug\vc100.idb
C:\USERS\FATEC\DOCUMENTS\VISUAL STUDIO 2010\PROJECTS\PONTODEVENDA_06_04_2016\PONTODEVENDA_06_04_2016\DEBUG\VC100.PDB
