C:\FATEC_MC_PRIMEIROSEMESTRE2016\LINGUAGEMPROGRAMACAO\PONTODEVENDA_EXAME_TARDE\DEBUG\PONTODEVENDA_06_04_2016.EXE
C:\FATEC_MC_PRIMEIROSEMESTRE2016\LINGUAGEMPROGRAMACAO\PONTODEVENDA_EXAME_TARDE\DEBUG\PONTODEVENDA_06_04_2016.ILK
C:\FATEC_MC_PRIMEIROSEMESTRE2016\LINGUAGEMPROGRAMACAO\PONTODEVENDA_EXAME_TARDE\DEBUG\PONTODEVENDA_06_04_2016.PDB
C:\FATEC_MC_PrimeiroSemestre2016\LinguagemProgramacao\PontoDeVenda_Exame_Tarde\PontoDeVenda_06_04_2016\Debug\cl.command.1.tlog
C:\FATEC_MC_PrimeiroSemestre2016\LinguagemProgramacao\PontoDeVenda_Exame_Tarde\PontoDeVenda_06_04_2016\Debug\CL.read.1.tlog
C:\FATEC_MC_PrimeiroSemestre2016\LinguagemProgramacao\PontoDeVenda_Exame_Tarde\PontoDeVenda_06_04_2016\Debug\CL.write.1.tlog
C:\FATEC_MC_PrimeiroSemestre2016\LinguagemProgramacao\PontoDeVenda_Exame_Tarde\PontoDeVenda_06_04_2016\Debug\link.8540.read.1.tlog
C:\FATEC_MC_PrimeiroSemestre2016\LinguagemProgramacao\PontoDeVenda_Exame_Tarde\PontoDeVenda_06_04_2016\Debug\link.8540.write.1.tlog
C:\FATEC_MC_PrimeiroSemestre2016\LinguagemProgramacao\PontoDeVenda_Exame_Tarde\PontoDeVenda_06_04_2016\Debug\link.8540-cvtres.read.1.tlog
C:\FATEC_MC_PrimeiroSemestre2016\LinguagemProgramacao\PontoDeVenda_Exame_Tarde\PontoDeVenda_06_04_2016\Debug\link.8540-cvtres.write.1.tlog
C:\FATEC_MC_PrimeiroSemestre2016\LinguagemProgramacao\PontoDeVenda_Exame_Tarde\PontoDeVenda_06_04_2016\Debug\link.command.1.tlog
C:\FATEC_MC_PrimeiroSemestre2016\LinguagemProgramacao\PontoDeVenda_Exame_Tarde\PontoDeVenda_06_04_2016\Debug\link.read.1.tlog
C:\FATEC_MC_PrimeiroSemestre2016\LinguagemProgramacao\PontoDeVenda_Exame_Tarde\PontoDeVenda_06_04_2016\Debug\link.write.1.tlog
C:\FATEC_MC_PrimeiroSemestre2016\LinguagemProgramacao\PontoDeVenda_Exame_Tarde\PontoDeVenda_06_04_2016\Debug\link-cvtres.read.1.tlog
C:\FATEC_MC_PrimeiroSemestre2016\LinguagemProgramacao\PontoDeVenda_Exame_Tarde\PontoDeVenda_06_04_2016\Debug\link-cvtres.write.1.tlog
C:\FATEC_MC_PrimeiroSemestre2016\LinguagemProgramacao\PontoDeVenda_Exame_Tarde\PontoDeVenda_06_04_2016\Debug\mt.command.1.tlog
C:\FATEC_MC_PrimeiroSemestre2016\LinguagemProgramacao\PontoDeVenda_Exame_Tarde\PontoDeVenda_06_04_2016\Debug\mt.read.1.tlog
C:\FATEC_MC_PrimeiroSemestre2016\LinguagemProgramacao\PontoDeVenda_Exame_Tarde\PontoDeVenda_06_04_2016\Debug\mt.write.1.tlog
C:\FATEC_MC_PRIMEIROSEMESTRE2016\LINGUAGEMPROGRAMACAO\PONTODEVENDA_EXAME_TARDE\PONTODEVENDA_06_04_2016\DEBUG\PONTODEVENDA.OBJ
C:\FATEC_MC_PRIMEIROSEMESTRE2016\LINGUAGEMPROGRAMACAO\PONTODEVENDA_EXAME_TARDE\PONTODEVENDA_06_04_2016\DEBUG\PONTODEVENDA_06_04_2016.EXE.EMBED.MANIFEST
C:\FATEC_MC_PRIMEIROSEMESTRE2016\LINGUAGEMPROGRAMACAO\PONTODEVENDA_EXAME_TARDE\PONTODEVENDA_06_04_2016\DEBUG\PONTODEVENDA_06_04_2016.EXE.EMBED.MANIFEST.RES
C:\FATEC_MC_PRIMEIROSEMESTRE2016\LINGUAGEMPROGRAMACAO\PONTODEVENDA_EXAME_TARDE\PONTODEVENDA_06_04_2016\DEBUG\PONTODEVENDA_06_04_2016.EXE.INTERMEDIATE.MANIFEST
C:\FATEC_MC_PrimeiroSemestre2016\LinguagemProgramacao\PontoDeVenda_Exame_Tarde\PontoDeVenda_06_04_2016\Debug\PontoDeVenda_06_04_2016.vcxprojResolveAssemblyReference.cache
C:\FATEC_MC_PrimeiroSemestre2016\LinguagemProgramacao\PontoDeVenda_Exame_Tarde\PontoDeVenda_06_04_2016\Debug\PontoDeVenda_06_04_2016.write.1.tlog
C:\FATEC_MC_PrimeiroSemestre2016\LinguagemProgramacao\PontoDeVenda_Exame_Tarde\PontoDeVenda_06_04_2016\Debug\PontoDeVenda_06_04_2016_manifest.rc
C:\FATEC_MC_PrimeiroSemestre2016\LinguagemProgramacao\PontoDeVenda_Exame_Tarde\PontoDeVenda_06_04_2016\Debug\rc.command.1.tlog
C:\FATEC_MC_PrimeiroSemestre2016\LinguagemProgramacao\PontoDeVenda_Exame_Tarde\PontoDeVenda_06_04_2016\Debug\rc.read.1.tlog
C:\FATEC_MC_PrimeiroSemestre2016\LinguagemProgramacao\PontoDeVenda_Exame_Tarde\PontoDeVenda_06_04_2016\Debug\rc.write.1.tlog
C:\FATEC_MC_PrimeiroSemestre2016\LinguagemProgramacao\PontoDeVenda_Exame_Tarde\PontoDeVenda_06_04_2016\Debug\vc100.idb
C:\FATEC_MC_PRIMEIROSEMESTRE2016\LINGUAGEMPROGRAMACAO\PONTODEVENDA_EXAME_TARDE\PONTODEVENDA_06_04_2016\DEBUG\VC100.PDB
