C:\USERS\FATEC\DOCUMENTS\VISUAL STUDIO 2010\PROJECTS\HOTEL_LP_PROVAP2_NOITE\DEBUG\HOTEL_LP_PROVAP2_NOITE.EXE
C:\USERS\FATEC\DOCUMENTS\VISUAL STUDIO 2010\PROJECTS\HOTEL_LP_PROVAP2_NOITE\DEBUG\HOTEL_LP_PROVAP2_NOITE.ILK
C:\USERS\FATEC\DOCUMENTS\VISUAL STUDIO 2010\PROJECTS\HOTEL_LP_PROVAP2_NOITE\DEBUG\HOTEL_LP_PROVAP2_NOITE.PDB
C:\Users\Fatec\Documents\Visual Studio 2010\Projects\Hotel_LP_ProvaP2_Noite\Hotel_LP_ProvaP2_Noite\Debug\cl.command.1.tlog
C:\Users\Fatec\Documents\Visual Studio 2010\Projects\Hotel_LP_ProvaP2_Noite\Hotel_LP_ProvaP2_Noite\Debug\CL.read.1.tlog
C:\Users\Fatec\Documents\Visual Studio 2010\Projects\Hotel_LP_ProvaP2_Noite\Hotel_LP_ProvaP2_Noite\Debug\CL.write.1.tlog
C:\USERS\FATEC\DOCUMENTS\VISUAL STUDIO 2010\PROJECTS\HOTEL_LP_PROVAP2_NOITE\HOTEL_LP_PROVAP2_NOITE\DEBUG\FUNCOES.OBJ
C:\USERS\FATEC\DOCUMENTS\VISUAL STUDIO 2010\PROJECTS\HOTEL_LP_PROVAP2_NOITE\HOTEL_LP_PROVAP2_NOITE\DEBUG\HOTEL.OBJ
C:\USERS\FATEC\DOCUMENTS\VISUAL STUDIO 2010\PROJECTS\HOTEL_LP_PROVAP2_NOITE\HOTEL_LP_PROVAP2_NOITE\DEBUG\HOTEL_LP_PROVAP2_NOITE.EXE.EMBED.MANIFEST
C:\USERS\FATEC\DOCUMENTS\VISUAL STUDIO 2010\PROJECTS\HOTEL_LP_PROVAP2_NOITE\HOTEL_LP_PROVAP2_NOITE\DEBUG\HOTEL_LP_PROVAP2_NOITE.EXE.EMBED.MANIFEST.RES
C:\USERS\FATEC\DOCUMENTS\VISUAL STUDIO 2010\PROJECTS\HOTEL_LP_PROVAP2_NOITE\HOTEL_LP_PROVAP2_NOITE\DEBUG\HOTEL_LP_PROVAP2_NOITE.EXE.INTERMEDIATE.MANIFEST
C:\Users\Fatec\Documents\Visual Studio 2010\Projects\Hotel_LP_ProvaP2_Noite\Hotel_LP_ProvaP2_Noite\Debug\Hotel_LP_ProvaP2_Noite_manifest.rc
C:\Users\Fatec\Documents\Visual Studio 2010\Projects\Hotel_LP_ProvaP2_Noite\Hotel_LP_ProvaP2_Noite\Debug\link.4688.read.1.tlog
C:\Users\Fatec\Documents\Visual Studio 2010\Projects\Hotel_LP_ProvaP2_Noite\Hotel_LP_ProvaP2_Noite\Debug\link.4688.write.1.tlog
C:\Users\Fatec\Documents\Visual Studio 2010\Projects\Hotel_LP_ProvaP2_Noite\Hotel_LP_ProvaP2_Noite\Debug\link.4688-cvtres.read.1.tlog
C:\Users\Fatec\Documents\Visual Studio 2010\Projects\Hotel_LP_ProvaP2_Noite\Hotel_LP_ProvaP2_Noite\Debug\link.4688-cvtres.write.1.tlog
C:\Users\Fatec\Documents\Visual Studio 2010\Projects\Hotel_LP_ProvaP2_Noite\Hotel_LP_ProvaP2_Noite\Debug\link.command.1.tlog
C:\Users\Fatec\Documents\Visual Studio 2010\Projects\Hotel_LP_ProvaP2_Noite\Hotel_LP_ProvaP2_Noite\Debug\link.read.1.tlog
C:\Users\Fatec\Documents\Visual Studio 2010\Projects\Hotel_LP_ProvaP2_Noite\Hotel_LP_ProvaP2_Noite\Debug\link.write.1.tlog
C:\Users\Fatec\Documents\Visual Studio 2010\Projects\Hotel_LP_ProvaP2_Noite\Hotel_LP_ProvaP2_Noite\Debug\link-cvtres.read.1.tlog
C:\Users\Fatec\Documents\Visual Studio 2010\Projects\Hotel_LP_ProvaP2_Noite\Hotel_LP_ProvaP2_Noite\Debug\link-cvtres.write.1.tlog
C:\Users\Fatec\Documents\Visual Studio 2010\Projects\Hotel_LP_ProvaP2_Noite\Hotel_LP_ProvaP2_Noite\Debug\mt.command.1.tlog
C:\Users\Fatec\Documents\Visual Studio 2010\Projects\Hotel_LP_ProvaP2_Noite\Hotel_LP_ProvaP2_Noite\Debug\mt.read.1.tlog
C:\Users\Fatec\Documents\Visual Studio 2010\Projects\Hotel_LP_ProvaP2_Noite\Hotel_LP_ProvaP2_Noite\Debug\mt.write.1.tlog
C:\Users\Fatec\Documents\Visual Studio 2010\Projects\Hotel_LP_ProvaP2_Noite\Hotel_LP_ProvaP2_Noite\Debug\rc.command.1.tlog
C:\Users\Fatec\Documents\Visual Studio 2010\Projects\Hotel_LP_ProvaP2_Noite\Hotel_LP_ProvaP2_Noite\Debug\rc.read.1.tlog
C:\Users\Fatec\Documents\Visual Studio 2010\Projects\Hotel_LP_ProvaP2_Noite\Hotel_LP_ProvaP2_Noite\Debug\rc.write.1.tlog
C:\Users\Fatec\Documents\Visual Studio 2010\Projects\Hotel_LP_ProvaP2_Noite\Hotel_LP_ProvaP2_Noite\Debug\vc100.idb
C:\USERS\FATEC\DOCUMENTS\VISUAL STUDIO 2010\PROJECTS\HOTEL_LP_PROVAP2_NOITE\HOTEL_LP_PROVAP2_NOITE\DEBUG\VC100.PDB
