C:\FATEC_MC_PRIMEIROSEMESTRE2016\LINGUAGEMPROGRAMACAO\ESCOLANATACAO_P2_TARDE\DEBUG\ESCOLANATACAO.EXE
C:\FATEC_MC_PRIMEIROSEMESTRE2016\LINGUAGEMPROGRAMACAO\ESCOLANATACAO_P2_TARDE\DEBUG\ESCOLANATACAO.ILK
C:\FATEC_MC_PRIMEIROSEMESTRE2016\LINGUAGEMPROGRAMACAO\ESCOLANATACAO_P2_TARDE\DEBUG\ESCOLANATACAO.PDB
C:\FATEC_MC_PrimeiroSemestre2016\LinguagemProgramacao\EscolaNatacao_P2_Tarde\EscolaNatacao\Debug\cl.command.1.tlog
C:\FATEC_MC_PrimeiroSemestre2016\LinguagemProgramacao\EscolaNatacao_P2_Tarde\EscolaNatacao\Debug\CL.read.1.tlog
C:\FATEC_MC_PrimeiroSemestre2016\LinguagemProgramacao\EscolaNatacao_P2_Tarde\EscolaNatacao\Debug\CL.write.1.tlog
C:\FATEC_MC_PRIMEIROSEMESTRE2016\LINGUAGEMPROGRAMACAO\ESCOLANATACAO_P2_TARDE\ESCOLANATACAO\DEBUG\ESCOLA.OBJ
C:\FATEC_MC_PRIMEIROSEMESTRE2016\LINGUAGEMPROGRAMACAO\ESCOLANATACAO_P2_TARDE\ESCOLANATACAO\DEBUG\ESCOLANATACAO.EXE.EMBED.MANIFEST
C:\FATEC_MC_PRIMEIROSEMESTRE2016\LINGUAGEMPROGRAMACAO\ESCOLANATACAO_P2_TARDE\ESCOLANATACAO\DEBUG\ESCOLANATACAO.EXE.EMBED.MANIFEST.RES
C:\FATEC_MC_PRIMEIROSEMESTRE2016\LINGUAGEMPROGRAMACAO\ESCOLANATACAO_P2_TARDE\ESCOLANATACAO\DEBUG\ESCOLANATACAO.EXE.INTERMEDIATE.MANIFEST
C:\FATEC_MC_PrimeiroSemestre2016\LinguagemProgramacao\EscolaNatacao_P2_Tarde\EscolaNatacao\Debug\EscolaNatacao.write.1.tlog
C:\FATEC_MC_PrimeiroSemestre2016\LinguagemProgramacao\EscolaNatacao_P2_Tarde\EscolaNatacao\Debug\EscolaNatacao_manifest.rc
C:\FATEC_MC_PrimeiroSemestre2016\LinguagemProgramacao\EscolaNatacao_P2_Tarde\EscolaNatacao\Debug\link.11268.read.1.tlog
C:\FATEC_MC_PrimeiroSemestre2016\LinguagemProgramacao\EscolaNatacao_P2_Tarde\EscolaNatacao\Debug\link.11268.write.1.tlog
C:\FATEC_MC_PrimeiroSemestre2016\LinguagemProgramacao\EscolaNatacao_P2_Tarde\EscolaNatacao\Debug\link.11268-cvtres.read.1.tlog
C:\FATEC_MC_PrimeiroSemestre2016\LinguagemProgramacao\EscolaNatacao_P2_Tarde\EscolaNatacao\Debug\link.11268-cvtres.write.1.tlog
C:\FATEC_MC_PrimeiroSemestre2016\LinguagemProgramacao\EscolaNatacao_P2_Tarde\EscolaNatacao\Debug\link.command.1.tlog
C:\FATEC_MC_PrimeiroSemestre2016\LinguagemProgramacao\EscolaNatacao_P2_Tarde\EscolaNatacao\Debug\link.read.1.tlog
C:\FATEC_MC_PrimeiroSemestre2016\LinguagemProgramacao\EscolaNatacao_P2_Tarde\EscolaNatacao\Debug\link.write.1.tlog
C:\FATEC_MC_PrimeiroSemestre2016\LinguagemProgramacao\EscolaNatacao_P2_Tarde\EscolaNatacao\Debug\link-cvtres.read.1.tlog
C:\FATEC_MC_PrimeiroSemestre2016\LinguagemProgramacao\EscolaNatacao_P2_Tarde\EscolaNatacao\Debug\link-cvtres.write.1.tlog
C:\FATEC_MC_PrimeiroSemestre2016\LinguagemProgramacao\EscolaNatacao_P2_Tarde\EscolaNatacao\Debug\mt.command.1.tlog
C:\FATEC_MC_PrimeiroSemestre2016\LinguagemProgramacao\EscolaNatacao_P2_Tarde\EscolaNatacao\Debug\mt.read.1.tlog
C:\FATEC_MC_PrimeiroSemestre2016\LinguagemProgramacao\EscolaNatacao_P2_Tarde\EscolaNatacao\Debug\mt.write.1.tlog
C:\FATEC_MC_PrimeiroSemestre2016\LinguagemProgramacao\EscolaNatacao_P2_Tarde\EscolaNatacao\Debug\rc.command.1.tlog
C:\FATEC_MC_PrimeiroSemestre2016\LinguagemProgramacao\EscolaNatacao_P2_Tarde\EscolaNatacao\Debug\rc.read.1.tlog
C:\FATEC_MC_PrimeiroSemestre2016\LinguagemProgramacao\EscolaNatacao_P2_Tarde\EscolaNatacao\Debug\rc.write.1.tlog
C:\FATEC_MC_PrimeiroSemestre2016\LinguagemProgramacao\EscolaNatacao_P2_Tarde\EscolaNatacao\Debug\vc100.idb
C:\FATEC_MC_PRIMEIROSEMESTRE2016\LINGUAGEMPROGRAMACAO\ESCOLANATACAO_P2_TARDE\ESCOLANATACAO\DEBUG\VC100.PDB
