E:\FATEC\4ºSEM\BORTOT\PROVA P1\ESCOLANATACAO_P1_NOITE_16092015\ESCOLANATACAO\DEBUG\ESCOLA.OBJ
E:\FATEC\4ºSEM\BORTOT\PROVA P1\ESCOLANATACAO_P1_NOITE_16092015\ESCOLANATACAO\DEBUG\VC110.PDB
F:\FATEC\4ºSEM\BORTOT\PROVA P1\ESCOLANATACAO_P1_NOITE_16092015\ESCOLANATACAO\DEBUG\ESCOLA.OBJ
F:\FATEC\4ºSEM\BORTOT\PROVA P1\ESCOLANATACAO_P1_NOITE_16092015\ESCOLANATACAO\DEBUG\VC110.PDB
E:\FATEC\4ºSEM\BORTOT\PROVA P1\ESCOLANATACAO_P1_NOITE_16092015\DEBUG\ESCOLANATACAO.ILK
E:\FATEC\4ºSEM\BORTOT\PROVA P1\ESCOLANATACAO_P1_NOITE_16092015\DEBUG\ESCOLANATACAO.EXE
E:\FATEC\4ºSEM\BORTOT\PROVA P1\ESCOLANATACAO_P1_NOITE_16092015\DEBUG\ESCOLANATACAO.PDB
F:\FATEC\4ºSEM\BORTOT\PROVA P1\ESCOLANATACAO_P1_NOITE_16092015\DEBUG\ESCOLANATACAO.ILK
F:\FATEC\4ºSEM\BORTOT\PROVA P1\ESCOLANATACAO_P1_NOITE_16092015\DEBUG\ESCOLANATACAO.EXE
F:\FATEC\4ºSEM\BORTOT\PROVA P1\ESCOLANATACAO_P1_NOITE_16092015\DEBUG\ESCOLANATACAO.PDB
F:\FATEC\4ºSEM\Bortot\Prova P1\EscolaNatacao_P1_noite_16092015\EscolaNatacao\Debug\Escola.obj
F:\FATEC\4ºSEM\Bortot\Prova P1\EscolaNatacao_P1_noite_16092015\EscolaNatacao\Debug\cl.command.1.tlog
F:\FATEC\4ºSEM\Bortot\Prova P1\EscolaNatacao_P1_noite_16092015\EscolaNatacao\Debug\CL.read.1.tlog
F:\FATEC\4ºSEM\Bortot\Prova P1\EscolaNatacao_P1_noite_16092015\EscolaNatacao\Debug\CL.write.1.tlog
F:\FATEC\4ºSEM\Bortot\Prova P1\EscolaNatacao_P1_noite_16092015\EscolaNatacao\Debug\link-cvtres.read.1.tlog
F:\FATEC\4ºSEM\Bortot\Prova P1\EscolaNatacao_P1_noite_16092015\EscolaNatacao\Debug\link-cvtres.write.1.tlog
F:\FATEC\4ºSEM\Bortot\Prova P1\EscolaNatacao_P1_noite_16092015\EscolaNatacao\Debug\link-rc.read.1.tlog
F:\FATEC\4ºSEM\Bortot\Prova P1\EscolaNatacao_P1_noite_16092015\EscolaNatacao\Debug\link-rc.write.1.tlog
F:\FATEC\4ºSEM\Bortot\Prova P1\EscolaNatacao_P1_noite_16092015\EscolaNatacao\Debug\link.command.1.tlog
F:\FATEC\4ºSEM\Bortot\Prova P1\EscolaNatacao_P1_noite_16092015\EscolaNatacao\Debug\link.read.1.tlog
F:\FATEC\4ºSEM\Bortot\Prova P1\EscolaNatacao_P1_noite_16092015\EscolaNatacao\Debug\link.write.1.tlog
F:\FATEC\4ºSEM\Bortot\Prova P1\EscolaNatacao_P1_noite_16092015\EscolaNatacao\Debug\vc110.idb
F:\FATEC\4ºSEM\Bortot\Prova P1\EscolaNatacao_P1_noite_16092015\EscolaNatacao\Debug\vc110.pdb
F:\FATEC\4ºSEM\Bortot\Prova P1\EscolaNatacao_P1_noite_16092015\Debug\EscolaNatacao.pdb
F:\FATEC\4ºSEM\Bortot\Prova P1\EscolaNatacao_P1_noite_16092015\Debug\EscolaNatacao.exe
F:\FATEC\4ºSEM\Bortot\Prova P1\EscolaNatacao_P1_noite_16092015\Debug\EscolaNatacao.ilk
