c:\fatec_mc_primeirosemestre2016\linguagemprogramacao\escolanatacao_p2_tarde\escolanatacao\debug\escola.obj
c:\fatec_mc_primeirosemestre2016\linguagemprogramacao\escolanatacao_p2_tarde\escolanatacao\debug\vc100.pdb
c:\fatec_mc_primeirosemestre2016\linguagemprogramacao\escolanatacao_p2_tarde\debug\escolanatacao.ilk
c:\fatec_mc_primeirosemestre2016\linguagemprogramacao\escolanatacao_p2_tarde\debug\escolanatacao.exe
c:\fatec_mc_primeirosemestre2016\linguagemprogramacao\escolanatacao_p2_tarde\escolanatacao\debug\escolanatacao.exe.intermediate.manifest
c:\fatec_mc_primeirosemestre2016\linguagemprogramacao\escolanatacao_p2_tarde\debug\escolanatacao.pdb
c:\fatec_mc_primeirosemestre2016\linguagemprogramacao\escolanatacao_p2_tarde\escolanatacao\debug\escolanatacao.exe.embed.manifest
c:\fatec_mc_primeirosemestre2016\linguagemprogramacao\escolanatacao_p2_tarde\escolanatacao\debug\escolanatacao.exe.embed.manifest.res
d:\coisas raul\coisas\bortot\escolanatacao_p2_noite\escolanatacao\debug\vc140.pdb
d:\coisas raul\coisas\bortot\escolanatacao_p2_noite\escolanatacao\debug\vc140.idb
d:\coisas raul\coisas\bortot\escolanatacao_p2_noite\escolanatacao\debug\escola.obj
d:\coisas raul\coisas\bortot\escolanatacao_p2_noite\escolanatacao\debug\cl.command.1.tlog
d:\coisas raul\coisas\bortot\escolanatacao_p2_noite\escolanatacao\debug\cl.read.1.tlog
d:\coisas raul\coisas\bortot\escolanatacao_p2_noite\escolanatacao\debug\cl.write.1.tlog
d:\coisas raul\coisas\bortot\escolanatacao_p2_noite\escolanatacao\debug\escolanatacao.write.1.tlog
d:\coisas raul\coisas\bortot\escolanatacao_p2_noite\escolanatacao\debug\link-cvtres.read.1.tlog
d:\coisas raul\coisas\bortot\escolanatacao_p2_noite\escolanatacao\debug\link-cvtres.write.1.tlog
d:\coisas raul\coisas\bortot\escolanatacao_p2_noite\escolanatacao\debug\link.10600-cvtres.read.1.tlog
d:\coisas raul\coisas\bortot\escolanatacao_p2_noite\escolanatacao\debug\link.10600-cvtres.write.1.tlog
d:\coisas raul\coisas\bortot\escolanatacao_p2_noite\escolanatacao\debug\link.10600.read.1.tlog
d:\coisas raul\coisas\bortot\escolanatacao_p2_noite\escolanatacao\debug\link.10600.write.1.tlog
d:\coisas raul\coisas\bortot\escolanatacao_p2_noite\escolanatacao\debug\link.command.1.tlog
d:\coisas raul\coisas\bortot\escolanatacao_p2_noite\escolanatacao\debug\link.read.1.tlog
d:\coisas raul\coisas\bortot\escolanatacao_p2_noite\escolanatacao\debug\link.write.1.tlog
d:\coisas raul\coisas\bortot\escolanatacao_p2_noite\escolanatacao\debug\mt.command.1.tlog
d:\coisas raul\coisas\bortot\escolanatacao_p2_noite\escolanatacao\debug\mt.read.1.tlog
d:\coisas raul\coisas\bortot\escolanatacao_p2_noite\escolanatacao\debug\mt.write.1.tlog
d:\coisas raul\coisas\bortot\escolanatacao_p2_noite\escolanatacao\debug\rc.command.1.tlog
d:\coisas raul\coisas\bortot\escolanatacao_p2_noite\escolanatacao\debug\rc.read.1.tlog
d:\coisas raul\coisas\bortot\escolanatacao_p2_noite\escolanatacao\debug\rc.write.1.tlog
d:\coisas raul\coisas\bortot\escolanatacao_p2_noite\escolanatacao\debug\escolanatacao.exe.embed.manifest
d:\coisas raul\coisas\bortot\escolanatacao_p2_noite\escolanatacao\debug\escolanatacao.exe.intermediate.manifest
d:\coisas raul\coisas\bortot\escolanatacao_p2_noite\escolanatacao\debug\escolanatacao.exe.embed.manifest.res
d:\coisas raul\coisas\bortot\escolanatacao_p2_noite\escolanatacao\debug\vc100.idb
d:\coisas raul\coisas\bortot\escolanatacao_p2_noite\escolanatacao\debug\vc100.pdb
d:\coisas raul\coisas\bortot\escolanatacao_p2_noite\escolanatacao\debug\escolanatacao_manifest.rc
d:\coisas raul\coisas\bortot\escolanatacao_p2_noite\debug\escolanatacao.pdb
d:\coisas raul\coisas\bortot\escolanatacao_p2_noite\escolanatacao\debug\escolanatacao.tlog\cl.command.1.tlog
d:\coisas raul\coisas\bortot\escolanatacao_p2_noite\escolanatacao\debug\escolanatacao.tlog\cl.read.1.tlog
d:\coisas raul\coisas\bortot\escolanatacao_p2_noite\escolanatacao\debug\escolanatacao.tlog\cl.write.1.tlog
d:\coisas raul\coisas\bortot\escolanatacao_p2_noite\escolanatacao\debug\escolanatacao.tlog\link-cvtres.read.1.tlog
d:\coisas raul\coisas\bortot\escolanatacao_p2_noite\escolanatacao\debug\escolanatacao.tlog\link-cvtres.write.1.tlog
d:\coisas raul\coisas\bortot\escolanatacao_p2_noite\escolanatacao\debug\escolanatacao.tlog\link-rc.read.1.tlog
d:\coisas raul\coisas\bortot\escolanatacao_p2_noite\escolanatacao\debug\escolanatacao.tlog\link-rc.write.1.tlog
d:\coisas raul\coisas\bortot\escolanatacao_p2_noite\escolanatacao\debug\escolanatacao.tlog\link.command.1.tlog
d:\coisas raul\coisas\bortot\escolanatacao_p2_noite\escolanatacao\debug\escolanatacao.tlog\link.read.1.tlog
d:\coisas raul\coisas\bortot\escolanatacao_p2_noite\escolanatacao\debug\escolanatacao.tlog\link.write.1.tlog
