C:\USERS\FATEC\DOCUMENTS\VISUAL STUDIO 2010\PROJECTS\HOTEL_LP_PROVAN1_23_09_2015_NOITE\HOTEL\DEBUG\FUNCOES.OBJ
C:\USERS\FATEC\DOCUMENTS\VISUAL STUDIO 2010\PROJECTS\HOTEL_LP_PROVAN1_23_09_2015_NOITE\HOTEL\DEBUG\HOTEL.OBJ
C:\USERS\FATEC\DOCUMENTS\VISUAL STUDIO 2010\PROJECTS\HOTEL_LP_PROVAN1_23_09_2015_NOITE\HOTEL\DEBUG\VC100.PDB
E:\FATEC\4ºSEM\BORTOT\PROVA P1\HOTEL_LP_PROVAN1_23_09_2015_NOITE_RESOLVIDO\HOTEL\DEBUG\FUNCOES.OBJ
E:\FATEC\4ºSEM\BORTOT\PROVA P1\HOTEL_LP_PROVAN1_23_09_2015_NOITE_RESOLVIDO\HOTEL\DEBUG\HOTEL.OBJ
E:\FATEC\4ºSEM\BORTOT\PROVA P1\HOTEL_LP_PROVAN1_23_09_2015_NOITE_RESOLVIDO\HOTEL\DEBUG\VC110.PDB
C:\USERS\FATEC\DOCUMENTS\VISUAL STUDIO 2010\PROJECTS\HOTEL_LP_PROVAN1_23_09_2015_NOITE\DEBUG\HOTEL.ILK
C:\USERS\FATEC\DOCUMENTS\VISUAL STUDIO 2010\PROJECTS\HOTEL_LP_PROVAN1_23_09_2015_NOITE\DEBUG\HOTEL.EXE
C:\USERS\FATEC\DOCUMENTS\VISUAL STUDIO 2010\PROJECTS\HOTEL_LP_PROVAN1_23_09_2015_NOITE\HOTEL\DEBUG\HOTEL.EXE.INTERMEDIATE.MANIFEST
C:\USERS\FATEC\DOCUMENTS\VISUAL STUDIO 2010\PROJECTS\HOTEL_LP_PROVAN1_23_09_2015_NOITE\DEBUG\HOTEL.PDB
C:\USERS\FATEC\DOCUMENTS\VISUAL STUDIO 2010\PROJECTS\HOTEL_LP_PROVAN1_23_09_2015_NOITE\HOTEL\DEBUG\HOTEL.EXE.EMBED.MANIFEST
C:\USERS\FATEC\DOCUMENTS\VISUAL STUDIO 2010\PROJECTS\HOTEL_LP_PROVAN1_23_09_2015_NOITE\HOTEL\DEBUG\HOTEL.EXE.EMBED.MANIFEST.RES
E:\FATEC\4ºSEM\Bortot\Prova P1\Hotel_LP_ProvaN1_23_09_2015_Noite_Resolvido\Hotel\Debug\Funcoes.obj
E:\FATEC\4ºSEM\Bortot\Prova P1\Hotel_LP_ProvaN1_23_09_2015_Noite_Resolvido\Hotel\Debug\Hotel.obj
E:\FATEC\4ºSEM\Bortot\Prova P1\Hotel_LP_ProvaN1_23_09_2015_Noite_Resolvido\Hotel\Debug\cl.command.1.tlog
E:\FATEC\4ºSEM\Bortot\Prova P1\Hotel_LP_ProvaN1_23_09_2015_Noite_Resolvido\Hotel\Debug\CL.read.1.tlog
E:\FATEC\4ºSEM\Bortot\Prova P1\Hotel_LP_ProvaN1_23_09_2015_Noite_Resolvido\Hotel\Debug\CL.write.1.tlog
E:\FATEC\4ºSEM\Bortot\Prova P1\Hotel_LP_ProvaN1_23_09_2015_Noite_Resolvido\Hotel\Debug\link-cvtres.read.1.tlog
E:\FATEC\4ºSEM\Bortot\Prova P1\Hotel_LP_ProvaN1_23_09_2015_Noite_Resolvido\Hotel\Debug\link-cvtres.write.1.tlog
E:\FATEC\4ºSEM\Bortot\Prova P1\Hotel_LP_ProvaN1_23_09_2015_Noite_Resolvido\Hotel\Debug\link-rc.read.1.tlog
E:\FATEC\4ºSEM\Bortot\Prova P1\Hotel_LP_ProvaN1_23_09_2015_Noite_Resolvido\Hotel\Debug\link-rc.write.1.tlog
E:\FATEC\4ºSEM\Bortot\Prova P1\Hotel_LP_ProvaN1_23_09_2015_Noite_Resolvido\Hotel\Debug\link.4060-cvtres.read.1.tlog
E:\FATEC\4ºSEM\Bortot\Prova P1\Hotel_LP_ProvaN1_23_09_2015_Noite_Resolvido\Hotel\Debug\link.4060-cvtres.write.1.tlog
E:\FATEC\4ºSEM\Bortot\Prova P1\Hotel_LP_ProvaN1_23_09_2015_Noite_Resolvido\Hotel\Debug\link.4060.read.1.tlog
E:\FATEC\4ºSEM\Bortot\Prova P1\Hotel_LP_ProvaN1_23_09_2015_Noite_Resolvido\Hotel\Debug\link.4060.write.1.tlog
E:\FATEC\4ºSEM\Bortot\Prova P1\Hotel_LP_ProvaN1_23_09_2015_Noite_Resolvido\Hotel\Debug\link.command.1.tlog
E:\FATEC\4ºSEM\Bortot\Prova P1\Hotel_LP_ProvaN1_23_09_2015_Noite_Resolvido\Hotel\Debug\link.read.1.tlog
E:\FATEC\4ºSEM\Bortot\Prova P1\Hotel_LP_ProvaN1_23_09_2015_Noite_Resolvido\Hotel\Debug\link.write.1.tlog
E:\FATEC\4ºSEM\Bortot\Prova P1\Hotel_LP_ProvaN1_23_09_2015_Noite_Resolvido\Hotel\Debug\mt.command.1.tlog
E:\FATEC\4ºSEM\Bortot\Prova P1\Hotel_LP_ProvaN1_23_09_2015_Noite_Resolvido\Hotel\Debug\mt.read.1.tlog
E:\FATEC\4ºSEM\Bortot\Prova P1\Hotel_LP_ProvaN1_23_09_2015_Noite_Resolvido\Hotel\Debug\mt.write.1.tlog
E:\FATEC\4ºSEM\Bortot\Prova P1\Hotel_LP_ProvaN1_23_09_2015_Noite_Resolvido\Hotel\Debug\rc.command.1.tlog
E:\FATEC\4ºSEM\Bortot\Prova P1\Hotel_LP_ProvaN1_23_09_2015_Noite_Resolvido\Hotel\Debug\rc.read.1.tlog
E:\FATEC\4ºSEM\Bortot\Prova P1\Hotel_LP_ProvaN1_23_09_2015_Noite_Resolvido\Hotel\Debug\rc.write.1.tlog
E:\FATEC\4ºSEM\Bortot\Prova P1\Hotel_LP_ProvaN1_23_09_2015_Noite_Resolvido\Hotel\Debug\Hotel.exe.embed.manifest
E:\FATEC\4ºSEM\Bortot\Prova P1\Hotel_LP_ProvaN1_23_09_2015_Noite_Resolvido\Hotel\Debug\Hotel.exe.intermediate.manifest
E:\FATEC\4ºSEM\Bortot\Prova P1\Hotel_LP_ProvaN1_23_09_2015_Noite_Resolvido\Hotel\Debug\Hotel.exe.embed.manifest.res
E:\FATEC\4ºSEM\Bortot\Prova P1\Hotel_LP_ProvaN1_23_09_2015_Noite_Resolvido\Hotel\Debug\vc100.idb
E:\FATEC\4ºSEM\Bortot\Prova P1\Hotel_LP_ProvaN1_23_09_2015_Noite_Resolvido\Hotel\Debug\vc110.idb
E:\FATEC\4ºSEM\Bortot\Prova P1\Hotel_LP_ProvaN1_23_09_2015_Noite_Resolvido\Hotel\Debug\vc100.pdb
E:\FATEC\4ºSEM\Bortot\Prova P1\Hotel_LP_ProvaN1_23_09_2015_Noite_Resolvido\Hotel\Debug\vc110.pdb
E:\FATEC\4ºSEM\Bortot\Prova P1\Hotel_LP_ProvaN1_23_09_2015_Noite_Resolvido\Hotel\Debug\Hotel_manifest.rc
E:\FATEC\4ºSEM\Bortot\Prova P1\Hotel_LP_ProvaN1_23_09_2015_Noite_Resolvido\Debug\Hotel.pdb
